<?xml version="1.0" encoding="UTF-8"?>
<testng-results ignored="0" total="3" passed="3" failed="0" skipped="0">
  <reporter-output>
  </reporter-output>
  <suite started-at="2023-08-11T21:25:14 IST" name="Default suite" finished-at="2023-08-11T21:25:14 IST" duration-ms="108">
    <groups>
    </groups>
    <test started-at="2023-08-11T21:25:14 IST" name="Default test" finished-at="2023-08-11T21:25:14 IST" duration-ms="108">
      <class name="Mpkg.Mprog8">
        <test-method signature="tc2()[pri:-1, instance:Mpkg.Mprog8@77888435]" started-at="2023-08-11T21:25:14 IST" name="tc2" finished-at="2023-08-11T21:25:14 IST" duration-ms="10" status="PASS">
          <reporter-output>
          </reporter-output>
        </test-method> <!-- tc2 -->
        <test-method signature="tc1()[pri:0, instance:Mpkg.Mprog8@77888435]" started-at="2023-08-11T21:25:14 IST" name="tc1" finished-at="2023-08-11T21:25:14 IST" duration-ms="2" status="PASS">
          <reporter-output>
          </reporter-output>
        </test-method> <!-- tc1 -->
        <test-method signature="tc3()[pri:1, instance:Mpkg.Mprog8@77888435]" started-at="2023-08-11T21:25:14 IST" name="tc3" finished-at="2023-08-11T21:25:14 IST" duration-ms="1" status="PASS">
          <reporter-output>
          </reporter-output>
        </test-method> <!-- tc3 -->
      </class> <!-- Mpkg.Mprog8 -->
    </test> <!-- Default test -->
  </suite> <!-- Default suite -->
</testng-results>
